<?xml version="1.0" encoding="UTF-8"?>
<testng-results ignored="0" total="2" passed="2" failed="0" skipped="0">
  <reporter-output>
    <line>
      <![CDATA[verified loading of home page successfully]]>
    </line>
    <line>
      <![CDATA[Inventory page loadded]]>
    </line>
    <line>
      <![CDATA[close chrome driver instance]]>
    </line>
    <line>
      <![CDATA[verified loading of home page successfully]]>
    </line>
    <line>
      <![CDATA[Inventory page loadded]]>
    </line>
    <line>
      <![CDATA[close chrome driver instance]]>
    </line>
    <line>
      <![CDATA[Quitted the chrome driver instance]]>
    </line>
  </reporter-output>
  <suite started-at="2024-03-16T20:27:06 GMT-04:00" name="Suite" finished-at="2024-03-16T20:27:25 GMT-04:00" duration-ms="18716">
    <groups>
    </groups>
    <test started-at="2024-03-16T20:27:06 GMT-04:00" name="Test" finished-at="2024-03-16T20:27:25 GMT-04:00" duration-ms="18716">
      <class name="tests.InventoryItemTest">
        <test-method is-config="true" signature="browserSetup()[pri:0, instance:tests.InventoryItemTest@37afeb11]" started-at="2024-03-16T20:27:06 GMT-04:00" name="browserSetup" finished-at="2024-03-16T20:27:06 GMT-04:00" duration-ms="280" status="PASS">
          <reporter-output>
          </reporter-output>
        </test-method> <!-- browserSetup -->
        <test-method is-config="true" signature="driverInstanceSetup()[pri:0, instance:tests.InventoryItemTest@37afeb11]" started-at="2024-03-16T20:27:06 GMT-04:00" name="driverInstanceSetup" finished-at="2024-03-16T20:27:07 GMT-04:00" duration-ms="1051" status="PASS">
          <reporter-output>
          </reporter-output>
        </test-method> <!-- driverInstanceSetup -->
        <test-method signature="BackToProduct(java.lang.String)[pri:0, instance:tests.InventoryItemTest@37afeb11]" started-at="2024-03-16T20:27:07 GMT-04:00" name="BackToProduct" finished-at="2024-03-16T20:27:18 GMT-04:00" duration-ms="10704" status="PASS">
          <params>
            <param index="0">
              <value>
                <![CDATA[https://www.saucedemo.com/]]>
              </value>
            </param>
          </params>
          <reporter-output>
            <line>
              <![CDATA[verified loading of home page successfully]]>
            </line>
            <line>
              <![CDATA[Inventory page loadded]]>
            </line>
          </reporter-output>
        </test-method> <!-- BackToProduct -->
        <test-method is-config="true" signature="closeBrowser()[pri:0, instance:tests.InventoryItemTest@37afeb11]" started-at="2024-03-16T20:27:18 GMT-04:00" name="closeBrowser" finished-at="2024-03-16T20:27:18 GMT-04:00" duration-ms="153" status="PASS">
          <reporter-output>
            <line>
              <![CDATA[close chrome driver instance]]>
            </line>
          </reporter-output>
        </test-method> <!-- closeBrowser -->
        <test-method is-config="true" signature="driverInstanceSetup()[pri:0, instance:tests.InventoryItemTest@37afeb11]" started-at="2024-03-16T20:27:18 GMT-04:00" name="driverInstanceSetup" finished-at="2024-03-16T20:27:19 GMT-04:00" duration-ms="767" status="PASS">
          <reporter-output>
          </reporter-output>
        </test-method> <!-- driverInstanceSetup -->
        <test-method signature="addToCard(java.lang.String)[pri:0, instance:tests.InventoryItemTest@37afeb11]" started-at="2024-03-16T20:27:19 GMT-04:00" name="addToCard" finished-at="2024-03-16T20:27:25 GMT-04:00" duration-ms="5891" status="PASS">
          <params>
            <param index="0">
              <value>
                <![CDATA[https://www.saucedemo.com/]]>
              </value>
            </param>
          </params>
          <reporter-output>
            <line>
              <![CDATA[verified loading of home page successfully]]>
            </line>
            <line>
              <![CDATA[Inventory page loadded]]>
            </line>
          </reporter-output>
        </test-method> <!-- addToCard -->
        <test-method is-config="true" signature="closeBrowser()[pri:0, instance:tests.InventoryItemTest@37afeb11]" started-at="2024-03-16T20:27:25 GMT-04:00" name="closeBrowser" finished-at="2024-03-16T20:27:25 GMT-04:00" duration-ms="127" status="PASS">
          <reporter-output>
            <line>
              <![CDATA[close chrome driver instance]]>
            </line>
          </reporter-output>
        </test-method> <!-- closeBrowser -->
        <test-method is-config="true" signature="quiteTest()[pri:0, instance:tests.InventoryItemTest@37afeb11]" started-at="2024-03-16T20:27:25 GMT-04:00" name="quiteTest" finished-at="2024-03-16T20:27:25 GMT-04:00" duration-ms="59" status="PASS">
          <reporter-output>
            <line>
              <![CDATA[Quitted the chrome driver instance]]>
            </line>
          </reporter-output>
        </test-method> <!-- quiteTest -->
      </class> <!-- tests.InventoryItemTest -->
    </test> <!-- Test -->
  </suite> <!-- Suite -->
</testng-results>
